Determining if the pthread_create exist failed with the following output:
Change Dir: /home/vagrant/Projects/lab-06-multithreads-Avsyankaa/_builds/gcc-7-cxx17-pic-Debug/CMakeFiles/CMakeTmp

Run Build Command:"/usr/bin/make" "cmTC_0dfa6/fast"
/usr/bin/make -f CMakeFiles/cmTC_0dfa6.dir/build.make CMakeFiles/cmTC_0dfa6.dir/build
make[1]: Entering directory '/home/vagrant/Projects/lab-06-multithreads-Avsyankaa/_builds/gcc-7-cxx17-pic-Debug/CMakeFiles/CMakeTmp'
Building C object CMakeFiles/cmTC_0dfa6.dir/CheckSymbolExists.c.o
/usr/bin/gcc-7   -fPIC    -o CMakeFiles/cmTC_0dfa6.dir/CheckSymbolExists.c.o   -c /home/vagrant/Projects/lab-06-multithreads-Avsyankaa/_builds/gcc-7-cxx17-pic-Debug/CMakeFiles/CMakeTmp/CheckSymbolExists.c
Linking C executable cmTC_0dfa6
/usr/local/bin/cmake -E cmake_link_script CMakeFiles/cmTC_0dfa6.dir/link.txt --verbose=1
/usr/bin/gcc-7 -fPIC     CMakeFiles/cmTC_0dfa6.dir/CheckSymbolExists.c.o  -o cmTC_0dfa6 
CMakeFiles/cmTC_0dfa6.dir/CheckSymbolExists.c.o: In function `main':
CheckSymbolExists.c:(.text+0x1b): undefined reference to `pthread_create'
collect2: error: ld returned 1 exit status
CMakeFiles/cmTC_0dfa6.dir/build.make:86: recipe for target 'cmTC_0dfa6' failed
make[1]: *** [cmTC_0dfa6] Error 1
make[1]: Leaving directory '/home/vagrant/Projects/lab-06-multithreads-Avsyankaa/_builds/gcc-7-cxx17-pic-Debug/CMakeFiles/CMakeTmp'
Makefile:121: recipe for target 'cmTC_0dfa6/fast' failed
make: *** [cmTC_0dfa6/fast] Error 2

File /home/vagrant/Projects/lab-06-multithreads-Avsyankaa/_builds/gcc-7-cxx17-pic-Debug/CMakeFiles/CMakeTmp/CheckSymbolExists.c:
/* */
#include <pthread.h>

int main(int argc, char** argv)
{
  (void)argv;
#ifndef pthread_create
  return ((int*)(&pthread_create))[argc];
#else
  (void)argc;
  return 0;
#endif
}

Determining if the function pthread_create exists in the pthreads failed with the following output:
Change Dir: /home/vagrant/Projects/lab-06-multithreads-Avsyankaa/_builds/gcc-7-cxx17-pic-Debug/CMakeFiles/CMakeTmp

Run Build Command:"/usr/bin/make" "cmTC_d3a00/fast"
/usr/bin/make -f CMakeFiles/cmTC_d3a00.dir/build.make CMakeFiles/cmTC_d3a00.dir/build
make[1]: Entering directory '/home/vagrant/Projects/lab-06-multithreads-Avsyankaa/_builds/gcc-7-cxx17-pic-Debug/CMakeFiles/CMakeTmp'
Building C object CMakeFiles/cmTC_d3a00.dir/CheckFunctionExists.c.o
/usr/bin/gcc-7   -fPIC -DCHECK_FUNCTION_EXISTS=pthread_create   -o CMakeFiles/cmTC_d3a00.dir/CheckFunctionExists.c.o   -c /usr/local/share/cmake-3.13/Modules/CheckFunctionExists.c
Linking C executable cmTC_d3a00
/usr/local/bin/cmake -E cmake_link_script CMakeFiles/cmTC_d3a00.dir/link.txt --verbose=1
/usr/bin/gcc-7 -fPIC -DCHECK_FUNCTION_EXISTS=pthread_create    CMakeFiles/cmTC_d3a00.dir/CheckFunctionExists.c.o  -o cmTC_d3a00 -lpthreads 
/usr/bin/ld: cannot find -lpthreads
collect2: error: ld returned 1 exit status
CMakeFiles/cmTC_d3a00.dir/build.make:86: recipe for target 'cmTC_d3a00' failed
make[1]: *** [cmTC_d3a00] Error 1
make[1]: Leaving directory '/home/vagrant/Projects/lab-06-multithreads-Avsyankaa/_builds/gcc-7-cxx17-pic-Debug/CMakeFiles/CMakeTmp'
Makefile:121: recipe for target 'cmTC_d3a00/fast' failed
make: *** [cmTC_d3a00/fast] Error 2


Determining if the pthread_create exist failed with the following output:
Change Dir: /home/vagrant/Projects/lab-06-multithreads-Avsyankaa/_builds/gcc-7-cxx17-pic-Debug/CMakeFiles/CMakeTmp

Run Build Command:"/usr/bin/make" "cmTC_b54d4/fast"
/usr/bin/make -f CMakeFiles/cmTC_b54d4.dir/build.make CMakeFiles/cmTC_b54d4.dir/build
make[1]: Entering directory '/home/vagrant/Projects/lab-06-multithreads-Avsyankaa/_builds/gcc-7-cxx17-pic-Debug/CMakeFiles/CMakeTmp'
Building C object CMakeFiles/cmTC_b54d4.dir/CheckSymbolExists.c.o
/usr/bin/gcc-7   -fPIC    -o CMakeFiles/cmTC_b54d4.dir/CheckSymbolExists.c.o   -c /home/vagrant/Projects/lab-06-multithreads-Avsyankaa/_builds/gcc-7-cxx17-pic-Debug/CMakeFiles/CMakeTmp/CheckSymbolExists.c
Linking C executable cmTC_b54d4
/usr/local/bin/cmake -E cmake_link_script CMakeFiles/cmTC_b54d4.dir/link.txt --verbose=1
/usr/bin/gcc-7 -fPIC     CMakeFiles/cmTC_b54d4.dir/CheckSymbolExists.c.o  -o cmTC_b54d4 
CMakeFiles/cmTC_b54d4.dir/CheckSymbolExists.c.o: In function `main':
CheckSymbolExists.c:(.text+0x1b): undefined reference to `pthread_create'
collect2: error: ld returned 1 exit status
CMakeFiles/cmTC_b54d4.dir/build.make:86: recipe for target 'cmTC_b54d4' failed
make[1]: *** [cmTC_b54d4] Error 1
make[1]: Leaving directory '/home/vagrant/Projects/lab-06-multithreads-Avsyankaa/_builds/gcc-7-cxx17-pic-Debug/CMakeFiles/CMakeTmp'
Makefile:121: recipe for target 'cmTC_b54d4/fast' failed
make: *** [cmTC_b54d4/fast] Error 2

File /home/vagrant/Projects/lab-06-multithreads-Avsyankaa/_builds/gcc-7-cxx17-pic-Debug/CMakeFiles/CMakeTmp/CheckSymbolExists.c:
/* */
#include <pthread.h>

int main(int argc, char** argv)
{
  (void)argv;
#ifndef pthread_create
  return ((int*)(&pthread_create))[argc];
#else
  (void)argc;
  return 0;
#endif
}

Determining if the function pthread_create exists in the pthreads failed with the following output:
Change Dir: /home/vagrant/Projects/lab-06-multithreads-Avsyankaa/_builds/gcc-7-cxx17-pic-Debug/CMakeFiles/CMakeTmp

Run Build Command:"/usr/bin/make" "cmTC_86884/fast"
/usr/bin/make -f CMakeFiles/cmTC_86884.dir/build.make CMakeFiles/cmTC_86884.dir/build
make[1]: Entering directory '/home/vagrant/Projects/lab-06-multithreads-Avsyankaa/_builds/gcc-7-cxx17-pic-Debug/CMakeFiles/CMakeTmp'
Building C object CMakeFiles/cmTC_86884.dir/CheckFunctionExists.c.o
/usr/bin/gcc-7   -fPIC -DCHECK_FUNCTION_EXISTS=pthread_create   -o CMakeFiles/cmTC_86884.dir/CheckFunctionExists.c.o   -c /usr/local/share/cmake-3.13/Modules/CheckFunctionExists.c
Linking C executable cmTC_86884
/usr/local/bin/cmake -E cmake_link_script CMakeFiles/cmTC_86884.dir/link.txt --verbose=1
/usr/bin/gcc-7 -fPIC -DCHECK_FUNCTION_EXISTS=pthread_create    CMakeFiles/cmTC_86884.dir/CheckFunctionExists.c.o  -o cmTC_86884 -lpthreads 
/usr/bin/ld: cannot find -lpthreads
collect2: error: ld returned 1 exit status
CMakeFiles/cmTC_86884.dir/build.make:86: recipe for target 'cmTC_86884' failed
make[1]: *** [cmTC_86884] Error 1
make[1]: Leaving directory '/home/vagrant/Projects/lab-06-multithreads-Avsyankaa/_builds/gcc-7-cxx17-pic-Debug/CMakeFiles/CMakeTmp'
Makefile:121: recipe for target 'cmTC_86884/fast' failed
make: *** [cmTC_86884/fast] Error 2


